mode: set
github.com/pehks1980/go_gb_be1_kurs/web-link/internal/app/endpoint/api-error.go:42.71,51.2 6 1
github.com/pehks1980/go_gb_be1_kurs/web-link/internal/app/endpoint/link-middle.go:19.56,20.71 1 1
github.com/pehks1980/go_gb_be1_kurs/web-link/internal/app/endpoint/link-middle.go:20.71,32.3 5 1
github.com/pehks1980/go_gb_be1_kurs/web-link/internal/app/endpoint/link-middle.go:36.70,47.20 5 1
github.com/pehks1980/go_gb_be1_kurs/web-link/internal/app/endpoint/link-middle.go:54.2,64.16 4 1
github.com/pehks1980/go_gb_be1_kurs/web-link/internal/app/endpoint/link-middle.go:68.2,68.16 1 1
github.com/pehks1980/go_gb_be1_kurs/web-link/internal/app/endpoint/link-middle.go:47.20,51.3 2 1
github.com/pehks1980/go_gb_be1_kurs/web-link/internal/app/endpoint/link-middle.go:64.16,66.3 1 0
github.com/pehks1980/go_gb_be1_kurs/web-link/internal/app/endpoint/link-middle.go:73.57,74.71 1 1
github.com/pehks1980/go_gb_be1_kurs/web-link/internal/app/endpoint/link-middle.go:74.71,76.35 1 1
github.com/pehks1980/go_gb_be1_kurs/web-link/internal/app/endpoint/link-middle.go:82.3,83.19 2 1
github.com/pehks1980/go_gb_be1_kurs/web-link/internal/app/endpoint/link-middle.go:94.3,96.27 2 1
github.com/pehks1980/go_gb_be1_kurs/web-link/internal/app/endpoint/link-middle.go:102.3,103.81 2 1
github.com/pehks1980/go_gb_be1_kurs/web-link/internal/app/endpoint/link-middle.go:111.3,111.18 1 1
github.com/pehks1980/go_gb_be1_kurs/web-link/internal/app/endpoint/link-middle.go:148.3,148.50 1 0
github.com/pehks1980/go_gb_be1_kurs/web-link/internal/app/endpoint/link-middle.go:76.35,80.4 2 1
github.com/pehks1980/go_gb_be1_kurs/web-link/internal/app/endpoint/link-middle.go:83.19,87.21 3 0
github.com/pehks1980/go_gb_be1_kurs/web-link/internal/app/endpoint/link-middle.go:87.21,91.5 2 0
github.com/pehks1980/go_gb_be1_kurs/web-link/internal/app/endpoint/link-middle.go:96.27,99.4 2 0
github.com/pehks1980/go_gb_be1_kurs/web-link/internal/app/endpoint/link-middle.go:103.81,104.59 1 1
github.com/pehks1980/go_gb_be1_kurs/web-link/internal/app/endpoint/link-middle.go:107.4,108.33 2 1
github.com/pehks1980/go_gb_be1_kurs/web-link/internal/app/endpoint/link-middle.go:104.59,106.5 1 0
github.com/pehks1980/go_gb_be1_kurs/web-link/internal/app/endpoint/link-middle.go:111.18,112.69 1 1
github.com/pehks1980/go_gb_be1_kurs/web-link/internal/app/endpoint/link-middle.go:112.69,115.41 2 1
github.com/pehks1980/go_gb_be1_kurs/web-link/internal/app/endpoint/link-middle.go:115.41,118.33 2 1
github.com/pehks1980/go_gb_be1_kurs/web-link/internal/app/endpoint/link-middle.go:118.33,121.7 2 1
github.com/pehks1980/go_gb_be1_kurs/web-link/internal/app/endpoint/link-middle.go:122.11,126.34 2 1
github.com/pehks1980/go_gb_be1_kurs/web-link/internal/app/endpoint/link-middle.go:130.6,131.12 2 1
github.com/pehks1980/go_gb_be1_kurs/web-link/internal/app/endpoint/link-middle.go:126.34,129.7 2 1
github.com/pehks1980/go_gb_be1_kurs/web-link/internal/app/endpoint/link-middle.go:134.10,138.5 3 0
github.com/pehks1980/go_gb_be1_kurs/web-link/internal/app/endpoint/link-middle.go:140.9,140.54 1 0
github.com/pehks1980/go_gb_be1_kurs/web-link/internal/app/endpoint/link-middle.go:140.54,141.82 1 0
github.com/pehks1980/go_gb_be1_kurs/web-link/internal/app/endpoint/link-middle.go:141.82,145.5 3 0
github.com/pehks1980/go_gb_be1_kurs/web-link/internal/app/endpoint/link-validate.go:12.91,19.2 4 1
github.com/pehks1980/go_gb_be1_kurs/web-link/internal/app/endpoint/link-validate.go:24.94,27.16 2 1
github.com/pehks1980/go_gb_be1_kurs/web-link/internal/app/endpoint/link-validate.go:31.2,34.41 3 1
github.com/pehks1980/go_gb_be1_kurs/web-link/internal/app/endpoint/link-validate.go:40.2,40.22 1 0
github.com/pehks1980/go_gb_be1_kurs/web-link/internal/app/endpoint/link-validate.go:27.16,29.3 1 0
github.com/pehks1980/go_gb_be1_kurs/web-link/internal/app/endpoint/link-validate.go:34.41,35.29 1 1
github.com/pehks1980/go_gb_be1_kurs/web-link/internal/app/endpoint/link-validate.go:35.29,37.4 1 1
github.com/pehks1980/go_gb_be1_kurs/web-link/internal/app/endpoint/link.go:38.54,56.2 12 1
github.com/pehks1980/go_gb_be1_kurs/web-link/internal/app/endpoint/link.go:59.77,60.60 1 1
github.com/pehks1980/go_gb_be1_kurs/web-link/internal/app/endpoint/link.go:60.60,90.17 10 1
github.com/pehks1980/go_gb_be1_kurs/web-link/internal/app/endpoint/link.go:90.17,92.4 1 0
github.com/pehks1980/go_gb_be1_kurs/web-link/internal/app/endpoint/link.go:98.69,99.60 1 1
github.com/pehks1980/go_gb_be1_kurs/web-link/internal/app/endpoint/link.go:99.60,102.40 2 1
github.com/pehks1980/go_gb_be1_kurs/web-link/internal/app/endpoint/link.go:107.3,119.17 5 1
github.com/pehks1980/go_gb_be1_kurs/web-link/internal/app/endpoint/link.go:124.3,124.27 1 1
github.com/pehks1980/go_gb_be1_kurs/web-link/internal/app/endpoint/link.go:129.3,133.19 3 1
github.com/pehks1980/go_gb_be1_kurs/web-link/internal/app/endpoint/link.go:165.3,176.17 7 1
github.com/pehks1980/go_gb_be1_kurs/web-link/internal/app/endpoint/link.go:181.3,181.9 1 1
github.com/pehks1980/go_gb_be1_kurs/web-link/internal/app/endpoint/link.go:102.40,105.4 2 0
github.com/pehks1980/go_gb_be1_kurs/web-link/internal/app/endpoint/link.go:119.17,122.4 2 0
github.com/pehks1980/go_gb_be1_kurs/web-link/internal/app/endpoint/link.go:124.27,127.4 2 0
github.com/pehks1980/go_gb_be1_kurs/web-link/internal/app/endpoint/link.go:133.19,137.19 2 0
github.com/pehks1980/go_gb_be1_kurs/web-link/internal/app/endpoint/link.go:143.4,143.23 1 0
github.com/pehks1980/go_gb_be1_kurs/web-link/internal/app/endpoint/link.go:154.4,157.19 3 0
github.com/pehks1980/go_gb_be1_kurs/web-link/internal/app/endpoint/link.go:162.4,162.49 1 0
github.com/pehks1980/go_gb_be1_kurs/web-link/internal/app/endpoint/link.go:137.19,141.5 3 0
github.com/pehks1980/go_gb_be1_kurs/web-link/internal/app/endpoint/link.go:143.23,152.5 1 0
github.com/pehks1980/go_gb_be1_kurs/web-link/internal/app/endpoint/link.go:157.19,160.5 2 0
github.com/pehks1980/go_gb_be1_kurs/web-link/internal/app/endpoint/link.go:176.17,179.4 2 0
github.com/pehks1980/go_gb_be1_kurs/web-link/internal/app/endpoint/link.go:187.52,188.60 1 1
github.com/pehks1980/go_gb_be1_kurs/web-link/internal/app/endpoint/link.go:188.60,197.19 6 1
github.com/pehks1980/go_gb_be1_kurs/web-link/internal/app/endpoint/link.go:211.3,211.20 1 1
github.com/pehks1980/go_gb_be1_kurs/web-link/internal/app/endpoint/link.go:217.3,218.17 2 1
github.com/pehks1980/go_gb_be1_kurs/web-link/internal/app/endpoint/link.go:197.19,203.19 4 0
github.com/pehks1980/go_gb_be1_kurs/web-link/internal/app/endpoint/link.go:203.19,208.5 3 0
github.com/pehks1980/go_gb_be1_kurs/web-link/internal/app/endpoint/link.go:211.20,214.4 2 0
github.com/pehks1980/go_gb_be1_kurs/web-link/internal/app/endpoint/link.go:218.17,221.4 2 0
github.com/pehks1980/go_gb_be1_kurs/web-link/internal/app/endpoint/link.go:227.50,228.60 1 1
github.com/pehks1980/go_gb_be1_kurs/web-link/internal/app/endpoint/link.go:228.60,231.40 2 1
github.com/pehks1980/go_gb_be1_kurs/web-link/internal/app/endpoint/link.go:236.3,245.19 7 1
github.com/pehks1980/go_gb_be1_kurs/web-link/internal/app/endpoint/link.go:262.3,262.20 1 1
github.com/pehks1980/go_gb_be1_kurs/web-link/internal/app/endpoint/link.go:267.3,270.17 3 1
github.com/pehks1980/go_gb_be1_kurs/web-link/internal/app/endpoint/link.go:274.3,279.17 5 1
github.com/pehks1980/go_gb_be1_kurs/web-link/internal/app/endpoint/link.go:283.3,284.17 2 1
github.com/pehks1980/go_gb_be1_kurs/web-link/internal/app/endpoint/link.go:287.3,287.9 1 1
github.com/pehks1980/go_gb_be1_kurs/web-link/internal/app/endpoint/link.go:231.40,234.4 2 0
github.com/pehks1980/go_gb_be1_kurs/web-link/internal/app/endpoint/link.go:245.19,253.19 6 0
github.com/pehks1980/go_gb_be1_kurs/web-link/internal/app/endpoint/link.go:253.19,259.5 3 0
github.com/pehks1980/go_gb_be1_kurs/web-link/internal/app/endpoint/link.go:262.20,265.4 2 0
github.com/pehks1980/go_gb_be1_kurs/web-link/internal/app/endpoint/link.go:270.17,273.4 2 0
github.com/pehks1980/go_gb_be1_kurs/web-link/internal/app/endpoint/link.go:279.17,281.4 1 0
github.com/pehks1980/go_gb_be1_kurs/web-link/internal/app/endpoint/link.go:284.17,286.4 1 0
github.com/pehks1980/go_gb_be1_kurs/web-link/internal/app/endpoint/link.go:292.51,293.60 1 1
github.com/pehks1980/go_gb_be1_kurs/web-link/internal/app/endpoint/link.go:293.60,296.40 2 1
github.com/pehks1980/go_gb_be1_kurs/web-link/internal/app/endpoint/link.go:301.3,302.17 2 1
github.com/pehks1980/go_gb_be1_kurs/web-link/internal/app/endpoint/link.go:307.3,309.19 2 1
github.com/pehks1980/go_gb_be1_kurs/web-link/internal/app/endpoint/link.go:336.3,341.17 4 1
github.com/pehks1980/go_gb_be1_kurs/web-link/internal/app/endpoint/link.go:346.3,346.29 1 1
github.com/pehks1980/go_gb_be1_kurs/web-link/internal/app/endpoint/link.go:351.3,353.42 2 1
github.com/pehks1980/go_gb_be1_kurs/web-link/internal/app/endpoint/link.go:359.3,362.17 4 1
github.com/pehks1980/go_gb_be1_kurs/web-link/internal/app/endpoint/link.go:367.3,369.17 3 1
github.com/pehks1980/go_gb_be1_kurs/web-link/internal/app/endpoint/link.go:372.3,372.9 1 1
github.com/pehks1980/go_gb_be1_kurs/web-link/internal/app/endpoint/link.go:296.40,299.4 2 0
github.com/pehks1980/go_gb_be1_kurs/web-link/internal/app/endpoint/link.go:302.17,305.4 2 0
github.com/pehks1980/go_gb_be1_kurs/web-link/internal/app/endpoint/link.go:309.19,313.19 2 0
github.com/pehks1980/go_gb_be1_kurs/web-link/internal/app/endpoint/link.go:317.4,317.58 1 0
github.com/pehks1980/go_gb_be1_kurs/web-link/internal/app/endpoint/link.go:313.19,315.5 1 0
github.com/pehks1980/go_gb_be1_kurs/web-link/internal/app/endpoint/link.go:317.58,320.20 2 0
github.com/pehks1980/go_gb_be1_kurs/web-link/internal/app/endpoint/link.go:324.5,325.20 2 0
github.com/pehks1980/go_gb_be1_kurs/web-link/internal/app/endpoint/link.go:320.20,322.6 1 0
github.com/pehks1980/go_gb_be1_kurs/web-link/internal/app/endpoint/link.go:325.20,327.6 1 0
github.com/pehks1980/go_gb_be1_kurs/web-link/internal/app/endpoint/link.go:328.10,332.5 3 0
github.com/pehks1980/go_gb_be1_kurs/web-link/internal/app/endpoint/link.go:341.17,344.4 2 0
github.com/pehks1980/go_gb_be1_kurs/web-link/internal/app/endpoint/link.go:346.29,349.4 2 0
github.com/pehks1980/go_gb_be1_kurs/web-link/internal/app/endpoint/link.go:353.42,354.38 1 0
github.com/pehks1980/go_gb_be1_kurs/web-link/internal/app/endpoint/link.go:354.38,357.5 2 0
github.com/pehks1980/go_gb_be1_kurs/web-link/internal/app/endpoint/link.go:362.17,365.4 2 0
github.com/pehks1980/go_gb_be1_kurs/web-link/internal/app/endpoint/link.go:369.17,371.4 1 0
github.com/pehks1980/go_gb_be1_kurs/web-link/internal/app/endpoint/link.go:378.52,379.60 1 1
github.com/pehks1980/go_gb_be1_kurs/web-link/internal/app/endpoint/link.go:379.60,385.17 4 1
github.com/pehks1980/go_gb_be1_kurs/web-link/internal/app/endpoint/link.go:390.3,390.42 1 1
github.com/pehks1980/go_gb_be1_kurs/web-link/internal/app/endpoint/link.go:402.3,402.49 1 1
github.com/pehks1980/go_gb_be1_kurs/web-link/internal/app/endpoint/link.go:406.3,408.19 2 1
github.com/pehks1980/go_gb_be1_kurs/web-link/internal/app/endpoint/link.go:434.3,435.17 2 1
github.com/pehks1980/go_gb_be1_kurs/web-link/internal/app/endpoint/link.go:385.17,388.4 2 0
github.com/pehks1980/go_gb_be1_kurs/web-link/internal/app/endpoint/link.go:390.42,392.21 2 1
github.com/pehks1980/go_gb_be1_kurs/web-link/internal/app/endpoint/link.go:398.4,398.53 1 1
github.com/pehks1980/go_gb_be1_kurs/web-link/internal/app/endpoint/link.go:392.21,396.5 2 0
github.com/pehks1980/go_gb_be1_kurs/web-link/internal/app/endpoint/link.go:402.49,404.4 1 0
github.com/pehks1980/go_gb_be1_kurs/web-link/internal/app/endpoint/link.go:408.19,412.19 2 0
github.com/pehks1980/go_gb_be1_kurs/web-link/internal/app/endpoint/link.go:417.4,417.55 1 0
github.com/pehks1980/go_gb_be1_kurs/web-link/internal/app/endpoint/link.go:412.19,416.5 2 0
github.com/pehks1980/go_gb_be1_kurs/web-link/internal/app/endpoint/link.go:417.55,420.20 2 0
github.com/pehks1980/go_gb_be1_kurs/web-link/internal/app/endpoint/link.go:424.5,425.20 2 0
github.com/pehks1980/go_gb_be1_kurs/web-link/internal/app/endpoint/link.go:430.5,430.11 1 0
github.com/pehks1980/go_gb_be1_kurs/web-link/internal/app/endpoint/link.go:420.20,423.6 1 0
github.com/pehks1980/go_gb_be1_kurs/web-link/internal/app/endpoint/link.go:425.20,428.6 1 0
github.com/pehks1980/go_gb_be1_kurs/web-link/internal/app/endpoint/link.go:435.17,438.4 1 0
github.com/pehks1980/go_gb_be1_kurs/web-link/internal/app/endpoint/link.go:444.53,445.60 1 1
github.com/pehks1980/go_gb_be1_kurs/web-link/internal/app/endpoint/link.go:445.60,450.19 3 0
github.com/pehks1980/go_gb_be1_kurs/web-link/internal/app/endpoint/link.go:480.3,481.11 2 0
github.com/pehks1980/go_gb_be1_kurs/web-link/internal/app/endpoint/link.go:486.3,487.17 2 0
github.com/pehks1980/go_gb_be1_kurs/web-link/internal/app/endpoint/link.go:492.3,495.17 4 0
github.com/pehks1980/go_gb_be1_kurs/web-link/internal/app/endpoint/link.go:450.19,455.19 4 0
github.com/pehks1980/go_gb_be1_kurs/web-link/internal/app/endpoint/link.go:455.19,461.19 4 0
github.com/pehks1980/go_gb_be1_kurs/web-link/internal/app/endpoint/link.go:466.5,469.19 4 0
github.com/pehks1980/go_gb_be1_kurs/web-link/internal/app/endpoint/link.go:473.5,473.11 1 0
github.com/pehks1980/go_gb_be1_kurs/web-link/internal/app/endpoint/link.go:461.19,464.6 2 0
github.com/pehks1980/go_gb_be1_kurs/web-link/internal/app/endpoint/link.go:469.19,471.6 1 0
github.com/pehks1980/go_gb_be1_kurs/web-link/internal/app/endpoint/link.go:481.11,484.4 2 0
github.com/pehks1980/go_gb_be1_kurs/web-link/internal/app/endpoint/link.go:487.17,490.4 2 0
github.com/pehks1980/go_gb_be1_kurs/web-link/internal/app/endpoint/link.go:495.17,497.4 1 0
github.com/pehks1980/go_gb_be1_kurs/web-link/internal/app/endpoint/link.go:502.53,503.60 1 1
github.com/pehks1980/go_gb_be1_kurs/web-link/internal/app/endpoint/link.go:503.60,512.17 4 1
github.com/pehks1980/go_gb_be1_kurs/web-link/internal/app/endpoint/link.go:516.3,516.16 1 1
github.com/pehks1980/go_gb_be1_kurs/web-link/internal/app/endpoint/link.go:521.3,523.19 2 1
github.com/pehks1980/go_gb_be1_kurs/web-link/internal/app/endpoint/link.go:561.3,563.9 2 1
github.com/pehks1980/go_gb_be1_kurs/web-link/internal/app/endpoint/link.go:512.17,515.4 2 0
github.com/pehks1980/go_gb_be1_kurs/web-link/internal/app/endpoint/link.go:516.16,519.4 2 0
github.com/pehks1980/go_gb_be1_kurs/web-link/internal/app/endpoint/link.go:523.19,533.19 5 0
github.com/pehks1980/go_gb_be1_kurs/web-link/internal/app/endpoint/link.go:537.4,537.27 1 0
github.com/pehks1980/go_gb_be1_kurs/web-link/internal/app/endpoint/link.go:533.19,535.5 1 0
github.com/pehks1980/go_gb_be1_kurs/web-link/internal/app/endpoint/link.go:537.27,541.42 3 0
github.com/pehks1980/go_gb_be1_kurs/web-link/internal/app/endpoint/link.go:546.5,547.20 2 0
github.com/pehks1980/go_gb_be1_kurs/web-link/internal/app/endpoint/link.go:551.5,552.20 2 0
github.com/pehks1980/go_gb_be1_kurs/web-link/internal/app/endpoint/link.go:541.42,544.6 2 0
github.com/pehks1980/go_gb_be1_kurs/web-link/internal/app/endpoint/link.go:547.20,549.6 1 0
github.com/pehks1980/go_gb_be1_kurs/web-link/internal/app/endpoint/link.go:552.20,554.6 1 0
github.com/pehks1980/go_gb_be1_kurs/web-link/internal/app/endpoint/link.go:555.10,557.5 1 0
github.com/pehks1980/go_gb_be1_kurs/web-link/internal/pkg/repository/file.go:42.37,44.2 1 0
github.com/pehks1980/go_gb_be1_kurs/web-link/internal/pkg/repository/file.go:47.49,56.45 2 0
github.com/pehks1980/go_gb_be1_kurs/web-link/internal/pkg/repository/file.go:64.2,64.17 1 0
github.com/pehks1980/go_gb_be1_kurs/web-link/internal/pkg/repository/file.go:56.45,59.17 2 0
github.com/pehks1980/go_gb_be1_kurs/web-link/internal/pkg/repository/file.go:59.17,61.4 1 0
github.com/pehks1980/go_gb_be1_kurs/web-link/internal/pkg/repository/file.go:68.43,73.36 2 0
github.com/pehks1980/go_gb_be1_kurs/web-link/internal/pkg/repository/file.go:80.2,83.16 3 0
github.com/pehks1980/go_gb_be1_kurs/web-link/internal/pkg/repository/file.go:87.2,87.12 1 0
github.com/pehks1980/go_gb_be1_kurs/web-link/internal/pkg/repository/file.go:73.36,75.24 1 0
github.com/pehks1980/go_gb_be1_kurs/web-link/internal/pkg/repository/file.go:75.24,77.4 1 0
github.com/pehks1980/go_gb_be1_kurs/web-link/internal/pkg/repository/file.go:83.16,85.3 1 0
github.com/pehks1980/go_gb_be1_kurs/web-link/internal/pkg/repository/file.go:91.52,98.16 4 0
github.com/pehks1980/go_gb_be1_kurs/web-link/internal/pkg/repository/file.go:104.2,104.15 1 0
github.com/pehks1980/go_gb_be1_kurs/web-link/internal/pkg/repository/file.go:112.2,118.16 4 0
github.com/pehks1980/go_gb_be1_kurs/web-link/internal/pkg/repository/file.go:124.2,124.44 1 0
github.com/pehks1980/go_gb_be1_kurs/web-link/internal/pkg/repository/file.go:129.2,129.12 1 0
github.com/pehks1980/go_gb_be1_kurs/web-link/internal/pkg/repository/file.go:98.16,101.3 2 0
github.com/pehks1980/go_gb_be1_kurs/web-link/internal/pkg/repository/file.go:104.15,106.18 2 0
github.com/pehks1980/go_gb_be1_kurs/web-link/internal/pkg/repository/file.go:106.18,108.4 1 0
github.com/pehks1980/go_gb_be1_kurs/web-link/internal/pkg/repository/file.go:118.16,120.3 1 0
github.com/pehks1980/go_gb_be1_kurs/web-link/internal/pkg/repository/file.go:124.44,127.3 2 0
github.com/pehks1980/go_gb_be1_kurs/web-link/internal/pkg/repository/file.go:134.73,140.40 4 0
github.com/pehks1980/go_gb_be1_kurs/web-link/internal/pkg/repository/file.go:150.2,151.28 2 0
github.com/pehks1980/go_gb_be1_kurs/web-link/internal/pkg/repository/file.go:140.40,141.25 1 0
github.com/pehks1980/go_gb_be1_kurs/web-link/internal/pkg/repository/file.go:147.3,147.21 1 0
github.com/pehks1980/go_gb_be1_kurs/web-link/internal/pkg/repository/file.go:141.25,145.4 2 0
github.com/pehks1980/go_gb_be1_kurs/web-link/internal/pkg/repository/file.go:156.61,161.39 3 0
github.com/pehks1980/go_gb_be1_kurs/web-link/internal/pkg/repository/file.go:184.2,185.16 2 0
github.com/pehks1980/go_gb_be1_kurs/web-link/internal/pkg/repository/file.go:161.39,165.27 2 0
github.com/pehks1980/go_gb_be1_kurs/web-link/internal/pkg/repository/file.go:165.27,167.26 1 0
github.com/pehks1980/go_gb_be1_kurs/web-link/internal/pkg/repository/file.go:173.4,177.18 4 0
github.com/pehks1980/go_gb_be1_kurs/web-link/internal/pkg/repository/file.go:180.4,180.26 1 0
github.com/pehks1980/go_gb_be1_kurs/web-link/internal/pkg/repository/file.go:167.26,171.5 2 0
github.com/pehks1980/go_gb_be1_kurs/web-link/internal/pkg/repository/file.go:177.18,179.5 1 0
github.com/pehks1980/go_gb_be1_kurs/web-link/internal/pkg/repository/file.go:189.77,202.16 6 0
github.com/pehks1980/go_gb_be1_kurs/web-link/internal/pkg/repository/file.go:205.2,205.12 1 0
github.com/pehks1980/go_gb_be1_kurs/web-link/internal/pkg/repository/file.go:202.16,204.3 1 0
github.com/pehks1980/go_gb_be1_kurs/web-link/internal/pkg/repository/file.go:209.57,213.40 4 0
github.com/pehks1980/go_gb_be1_kurs/web-link/internal/pkg/repository/file.go:223.2,224.12 2 0
github.com/pehks1980/go_gb_be1_kurs/web-link/internal/pkg/repository/file.go:213.40,218.17 4 0
github.com/pehks1980/go_gb_be1_kurs/web-link/internal/pkg/repository/file.go:221.3,221.13 1 0
github.com/pehks1980/go_gb_be1_kurs/web-link/internal/pkg/repository/file.go:218.17,220.4 1 0
github.com/pehks1980/go_gb_be1_kurs/web-link/internal/pkg/repository/file.go:228.56,234.34 4 0
github.com/pehks1980/go_gb_be1_kurs/web-link/internal/pkg/repository/file.go:239.2,239.18 1 0
github.com/pehks1980/go_gb_be1_kurs/web-link/internal/pkg/repository/file.go:234.34,235.40 1 0
github.com/pehks1980/go_gb_be1_kurs/web-link/internal/pkg/repository/file.go:235.40,237.4 1 0
github.com/pehks1980/go_gb_be1_kurs/web-link/internal/pkg/repository/file.go:243.50,245.2 1 0
github.com/pehks1980/go_gb_be1_kurs/web-link/internal/pkg/repository/file.go:248.62,250.2 1 0
github.com/pehks1980/go_gb_be1_kurs/web-link/internal/pkg/repository/file.go:253.53,255.2 1 0
github.com/pehks1980/go_gb_be1_kurs/web-link/internal/pkg/repository/file.go:258.63,260.2 1 0
github.com/pehks1980/go_gb_be1_kurs/web-link/internal/pkg/repository/file.go:263.47,265.2 1 0
github.com/pehks1980/go_gb_be1_kurs/web-link/internal/pkg/repository/file.go:268.61,270.2 1 0
github.com/pehks1980/go_gb_be1_kurs/web-link/internal/pkg/repository/file.go:273.63,275.2 1 0
github.com/pehks1980/go_gb_be1_kurs/web-link/internal/pkg/repository/file.go:278.34,280.2 0 0
github.com/pehks1980/go_gb_be1_kurs/web-link/internal/pkg/repository/postgres.go:71.36,73.2 1 0
github.com/pehks1980/go_gb_be1_kurs/web-link/internal/pkg/repository/postgres.go:76.32,78.2 1 1
github.com/pehks1980/go_gb_be1_kurs/web-link/internal/pkg/repository/postgres.go:81.48,86.16 4 1
github.com/pehks1980/go_gb_be1_kurs/web-link/internal/pkg/repository/postgres.go:90.2,115.16 9 1
github.com/pehks1980/go_gb_be1_kurs/web-link/internal/pkg/repository/postgres.go:119.2,122.3 1 1
github.com/pehks1980/go_gb_be1_kurs/web-link/internal/pkg/repository/postgres.go:86.16,88.3 1 0
github.com/pehks1980/go_gb_be1_kurs/web-link/internal/pkg/repository/postgres.go:115.16,117.3 1 0
github.com/pehks1980/go_gb_be1_kurs/web-link/internal/pkg/repository/postgres.go:128.72,130.108 1 1
github.com/pehks1980/go_gb_be1_kurs/web-link/internal/pkg/repository/postgres.go:178.2,181.17 4 1
github.com/pehks1980/go_gb_be1_kurs/web-link/internal/pkg/repository/postgres.go:187.2,187.16 1 1
github.com/pehks1980/go_gb_be1_kurs/web-link/internal/pkg/repository/postgres.go:192.2,193.23 2 1
github.com/pehks1980/go_gb_be1_kurs/web-link/internal/pkg/repository/postgres.go:197.2,202.34 1 1
github.com/pehks1980/go_gb_be1_kurs/web-link/internal/pkg/repository/postgres.go:130.108,142.9 5 1
github.com/pehks1980/go_gb_be1_kurs/web-link/internal/pkg/repository/postgres.go:148.3,150.17 2 1
github.com/pehks1980/go_gb_be1_kurs/web-link/internal/pkg/repository/postgres.go:153.3,155.19 2 1
github.com/pehks1980/go_gb_be1_kurs/web-link/internal/pkg/repository/postgres.go:171.3,171.24 1 1
github.com/pehks1980/go_gb_be1_kurs/web-link/internal/pkg/repository/postgres.go:175.3,175.23 1 1
github.com/pehks1980/go_gb_be1_kurs/web-link/internal/pkg/repository/postgres.go:142.9,144.4 1 0
github.com/pehks1980/go_gb_be1_kurs/web-link/internal/pkg/repository/postgres.go:144.9,146.4 1 1
github.com/pehks1980/go_gb_be1_kurs/web-link/internal/pkg/repository/postgres.go:150.17,152.4 1 0
github.com/pehks1980/go_gb_be1_kurs/web-link/internal/pkg/repository/postgres.go:155.19,166.18 2 1
github.com/pehks1980/go_gb_be1_kurs/web-link/internal/pkg/repository/postgres.go:166.18,168.5 1 0
github.com/pehks1980/go_gb_be1_kurs/web-link/internal/pkg/repository/postgres.go:171.24,173.4 1 0
github.com/pehks1980/go_gb_be1_kurs/web-link/internal/pkg/repository/postgres.go:181.17,183.3 1 0
github.com/pehks1980/go_gb_be1_kurs/web-link/internal/pkg/repository/postgres.go:183.8,185.3 1 1
github.com/pehks1980/go_gb_be1_kurs/web-link/internal/pkg/repository/postgres.go:187.16,189.3 1 0
github.com/pehks1980/go_gb_be1_kurs/web-link/internal/pkg/repository/postgres.go:193.23,195.3 1 1
github.com/pehks1980/go_gb_be1_kurs/web-link/internal/pkg/repository/postgres.go:208.76,210.102 1 1
github.com/pehks1980/go_gb_be1_kurs/web-link/internal/pkg/repository/postgres.go:235.2,236.23 2 1
github.com/pehks1980/go_gb_be1_kurs/web-link/internal/pkg/repository/postgres.go:240.2,249.16 3 1
github.com/pehks1980/go_gb_be1_kurs/web-link/internal/pkg/repository/postgres.go:252.2,252.12 1 1
github.com/pehks1980/go_gb_be1_kurs/web-link/internal/pkg/repository/postgres.go:210.102,227.17 3 1
github.com/pehks1980/go_gb_be1_kurs/web-link/internal/pkg/repository/postgres.go:231.3,231.13 1 1
github.com/pehks1980/go_gb_be1_kurs/web-link/internal/pkg/repository/postgres.go:227.17,229.4 1 0
github.com/pehks1980/go_gb_be1_kurs/web-link/internal/pkg/repository/postgres.go:236.23,238.3 1 0
github.com/pehks1980/go_gb_be1_kurs/web-link/internal/pkg/repository/postgres.go:249.16,251.3 1 0
github.com/pehks1980/go_gb_be1_kurs/web-link/internal/pkg/repository/postgres.go:258.56,260.96 1 0
github.com/pehks1980/go_gb_be1_kurs/web-link/internal/pkg/repository/postgres.go:289.2,291.17 3 0
github.com/pehks1980/go_gb_be1_kurs/web-link/internal/pkg/repository/postgres.go:297.2,297.16 1 0
github.com/pehks1980/go_gb_be1_kurs/web-link/internal/pkg/repository/postgres.go:300.2,300.12 1 0
github.com/pehks1980/go_gb_be1_kurs/web-link/internal/pkg/repository/postgres.go:260.96,270.9 4 0
github.com/pehks1980/go_gb_be1_kurs/web-link/internal/pkg/repository/postgres.go:282.3,282.17 1 0
github.com/pehks1980/go_gb_be1_kurs/web-link/internal/pkg/repository/postgres.go:286.3,286.13 1 0
github.com/pehks1980/go_gb_be1_kurs/web-link/internal/pkg/repository/postgres.go:270.9,275.4 1 0
github.com/pehks1980/go_gb_be1_kurs/web-link/internal/pkg/repository/postgres.go:275.9,280.4 1 0
github.com/pehks1980/go_gb_be1_kurs/web-link/internal/pkg/repository/postgres.go:282.17,284.4 1 0
github.com/pehks1980/go_gb_be1_kurs/web-link/internal/pkg/repository/postgres.go:291.17,293.3 1 0
github.com/pehks1980/go_gb_be1_kurs/web-link/internal/pkg/repository/postgres.go:293.8,295.3 1 0
github.com/pehks1980/go_gb_be1_kurs/web-link/internal/pkg/repository/postgres.go:297.16,299.3 1 0
github.com/pehks1980/go_gb_be1_kurs/web-link/internal/pkg/repository/postgres.go:304.55,306.90 1 0
github.com/pehks1980/go_gb_be1_kurs/web-link/internal/pkg/repository/postgres.go:339.2,340.16 2 0
github.com/pehks1980/go_gb_be1_kurs/web-link/internal/pkg/repository/postgres.go:344.2,344.19 1 0
github.com/pehks1980/go_gb_be1_kurs/web-link/internal/pkg/repository/postgres.go:306.90,315.17 4 0
github.com/pehks1980/go_gb_be1_kurs/web-link/internal/pkg/repository/postgres.go:318.3,320.19 2 0
github.com/pehks1980/go_gb_be1_kurs/web-link/internal/pkg/repository/postgres.go:332.3,332.24 1 0
github.com/pehks1980/go_gb_be1_kurs/web-link/internal/pkg/repository/postgres.go:336.3,336.28 1 0
github.com/pehks1980/go_gb_be1_kurs/web-link/internal/pkg/repository/postgres.go:315.17,317.4 1 0
github.com/pehks1980/go_gb_be1_kurs/web-link/internal/pkg/repository/postgres.go:320.19,325.18 3 0
github.com/pehks1980/go_gb_be1_kurs/web-link/internal/pkg/repository/postgres.go:329.4,329.55 1 0
github.com/pehks1980/go_gb_be1_kurs/web-link/internal/pkg/repository/postgres.go:325.18,327.5 1 0
github.com/pehks1980/go_gb_be1_kurs/web-link/internal/pkg/repository/postgres.go:332.24,334.4 1 0
github.com/pehks1980/go_gb_be1_kurs/web-link/internal/pkg/repository/postgres.go:340.16,342.3 1 0
github.com/pehks1980/go_gb_be1_kurs/web-link/internal/pkg/repository/postgres.go:351.89,354.16 2 1
github.com/pehks1980/go_gb_be1_kurs/web-link/internal/pkg/repository/postgres.go:358.2,359.17 2 1
github.com/pehks1980/go_gb_be1_kurs/web-link/internal/pkg/repository/postgres.go:368.2,369.16 2 1
github.com/pehks1980/go_gb_be1_kurs/web-link/internal/pkg/repository/postgres.go:376.2,376.17 1 1
github.com/pehks1980/go_gb_be1_kurs/web-link/internal/pkg/repository/postgres.go:354.16,356.3 1 0
github.com/pehks1980/go_gb_be1_kurs/web-link/internal/pkg/repository/postgres.go:359.17,361.19 2 0
github.com/pehks1980/go_gb_be1_kurs/web-link/internal/pkg/repository/postgres.go:364.3,364.18 1 0
github.com/pehks1980/go_gb_be1_kurs/web-link/internal/pkg/repository/postgres.go:361.19,363.4 1 0
github.com/pehks1980/go_gb_be1_kurs/web-link/internal/pkg/repository/postgres.go:369.16,371.19 2 0
github.com/pehks1980/go_gb_be1_kurs/web-link/internal/pkg/repository/postgres.go:374.3,374.17 1 0
github.com/pehks1980/go_gb_be1_kurs/web-link/internal/pkg/repository/postgres.go:371.19,373.4 1 0
github.com/pehks1980/go_gb_be1_kurs/web-link/internal/pkg/repository/postgres.go:381.60,383.94 1 0
github.com/pehks1980/go_gb_be1_kurs/web-link/internal/pkg/repository/postgres.go:423.2,425.16 2 0
github.com/pehks1980/go_gb_be1_kurs/web-link/internal/pkg/repository/postgres.go:429.2,429.17 1 0
github.com/pehks1980/go_gb_be1_kurs/web-link/internal/pkg/repository/postgres.go:383.94,385.86 1 0
github.com/pehks1980/go_gb_be1_kurs/web-link/internal/pkg/repository/postgres.go:416.3,416.17 1 0
github.com/pehks1980/go_gb_be1_kurs/web-link/internal/pkg/repository/postgres.go:420.3,420.18 1 0
github.com/pehks1980/go_gb_be1_kurs/web-link/internal/pkg/repository/postgres.go:385.86,390.18 3 0
github.com/pehks1980/go_gb_be1_kurs/web-link/internal/pkg/repository/postgres.go:393.4,396.20 3 0
github.com/pehks1980/go_gb_be1_kurs/web-link/internal/pkg/repository/postgres.go:403.4,409.18 3 0
github.com/pehks1980/go_gb_be1_kurs/web-link/internal/pkg/repository/postgres.go:413.4,413.19 1 0
github.com/pehks1980/go_gb_be1_kurs/web-link/internal/pkg/repository/postgres.go:390.18,392.5 1 0
github.com/pehks1980/go_gb_be1_kurs/web-link/internal/pkg/repository/postgres.go:396.20,398.19 2 0
github.com/pehks1980/go_gb_be1_kurs/web-link/internal/pkg/repository/postgres.go:398.19,400.6 1 0
github.com/pehks1980/go_gb_be1_kurs/web-link/internal/pkg/repository/postgres.go:409.18,411.5 1 0
github.com/pehks1980/go_gb_be1_kurs/web-link/internal/pkg/repository/postgres.go:416.17,418.4 1 0
github.com/pehks1980/go_gb_be1_kurs/web-link/internal/pkg/repository/postgres.go:425.16,427.3 1 0
github.com/pehks1980/go_gb_be1_kurs/web-link/internal/pkg/repository/postgres.go:436.62,438.88 1 1
github.com/pehks1980/go_gb_be1_kurs/web-link/internal/pkg/repository/postgres.go:464.2,467.20 4 1
github.com/pehks1980/go_gb_be1_kurs/web-link/internal/pkg/repository/postgres.go:476.2,488.16 3 1
github.com/pehks1980/go_gb_be1_kurs/web-link/internal/pkg/repository/postgres.go:491.2,491.17 1 1
github.com/pehks1980/go_gb_be1_kurs/web-link/internal/pkg/repository/postgres.go:438.88,457.17 4 1
github.com/pehks1980/go_gb_be1_kurs/web-link/internal/pkg/repository/postgres.go:461.3,461.17 1 1
github.com/pehks1980/go_gb_be1_kurs/web-link/internal/pkg/repository/postgres.go:457.17,459.4 1 0
github.com/pehks1980/go_gb_be1_kurs/web-link/internal/pkg/repository/postgres.go:468.14,469.14 1 1
github.com/pehks1980/go_gb_be1_kurs/web-link/internal/pkg/repository/postgres.go:470.17,471.17 1 0
github.com/pehks1980/go_gb_be1_kurs/web-link/internal/pkg/repository/postgres.go:472.19,473.19 1 0
github.com/pehks1980/go_gb_be1_kurs/web-link/internal/pkg/repository/postgres.go:488.16,490.3 1 0
github.com/pehks1980/go_gb_be1_kurs/web-link/internal/pkg/repository/postgres.go:495.60,498.89 1 1
github.com/pehks1980/go_gb_be1_kurs/web-link/internal/pkg/repository/postgres.go:540.2,541.16 2 1
github.com/pehks1980/go_gb_be1_kurs/web-link/internal/pkg/repository/postgres.go:545.2,546.25 2 1
github.com/pehks1980/go_gb_be1_kurs/web-link/internal/pkg/repository/postgres.go:555.2,561.21 2 1
github.com/pehks1980/go_gb_be1_kurs/web-link/internal/pkg/repository/postgres.go:498.89,507.17 4 1
github.com/pehks1980/go_gb_be1_kurs/web-link/internal/pkg/repository/postgres.go:510.3,512.19 2 1
github.com/pehks1980/go_gb_be1_kurs/web-link/internal/pkg/repository/postgres.go:533.3,533.24 1 1
github.com/pehks1980/go_gb_be1_kurs/web-link/internal/pkg/repository/postgres.go:537.3,537.19 1 1
github.com/pehks1980/go_gb_be1_kurs/web-link/internal/pkg/repository/postgres.go:507.17,509.4 1 0
github.com/pehks1980/go_gb_be1_kurs/web-link/internal/pkg/repository/postgres.go:512.19,527.18 2 1
github.com/pehks1980/go_gb_be1_kurs/web-link/internal/pkg/repository/postgres.go:527.18,529.5 1 0
github.com/pehks1980/go_gb_be1_kurs/web-link/internal/pkg/repository/postgres.go:533.24,535.4 1 0
github.com/pehks1980/go_gb_be1_kurs/web-link/internal/pkg/repository/postgres.go:541.16,543.3 1 0
github.com/pehks1980/go_gb_be1_kurs/web-link/internal/pkg/repository/postgres.go:547.17,548.26 1 0
github.com/pehks1980/go_gb_be1_kurs/web-link/internal/pkg/repository/postgres.go:549.12,550.21 1 1
github.com/pehks1980/go_gb_be1_kurs/web-link/internal/pkg/repository/postgres.go:551.15,552.24 1 0
github.com/pehks1980/go_gb_be1_kurs/web-link/internal/pkg/repository/postgres.go:566.46,568.81 1 1
github.com/pehks1980/go_gb_be1_kurs/web-link/internal/pkg/repository/postgres.go:581.2,582.16 2 1
github.com/pehks1980/go_gb_be1_kurs/web-link/internal/pkg/repository/postgres.go:586.2,586.12 1 1
github.com/pehks1980/go_gb_be1_kurs/web-link/internal/pkg/repository/postgres.go:568.81,574.17 3 1
github.com/pehks1980/go_gb_be1_kurs/web-link/internal/pkg/repository/postgres.go:578.3,578.13 1 1
github.com/pehks1980/go_gb_be1_kurs/web-link/internal/pkg/repository/postgres.go:574.17,576.4 1 0
github.com/pehks1980/go_gb_be1_kurs/web-link/internal/pkg/repository/postgres.go:582.16,584.3 1 0
github.com/pehks1980/go_gb_be1_kurs/web-link/internal/pkg/repository/postgres.go:592.52,593.78 1 1
github.com/pehks1980/go_gb_be1_kurs/web-link/internal/pkg/repository/postgres.go:613.2,615.16 2 1
github.com/pehks1980/go_gb_be1_kurs/web-link/internal/pkg/repository/postgres.go:619.2,619.18 1 1
github.com/pehks1980/go_gb_be1_kurs/web-link/internal/pkg/repository/postgres.go:593.78,600.18 3 1
github.com/pehks1980/go_gb_be1_kurs/web-link/internal/pkg/repository/postgres.go:603.3,605.19 2 1
github.com/pehks1980/go_gb_be1_kurs/web-link/internal/pkg/repository/postgres.go:611.3,611.19 1 1
github.com/pehks1980/go_gb_be1_kurs/web-link/internal/pkg/repository/postgres.go:600.18,602.4 1 0
github.com/pehks1980/go_gb_be1_kurs/web-link/internal/pkg/repository/postgres.go:605.19,607.18 2 1
github.com/pehks1980/go_gb_be1_kurs/web-link/internal/pkg/repository/postgres.go:607.18,609.5 1 0
github.com/pehks1980/go_gb_be1_kurs/web-link/internal/pkg/repository/postgres.go:615.16,617.3 1 0
github.com/pehks1980/go_gb_be1_kurs/web-link/internal/pkg/repository/postgres.go:623.61,625.103 1 1
github.com/pehks1980/go_gb_be1_kurs/web-link/internal/pkg/repository/postgres.go:749.2,750.16 2 1
github.com/pehks1980/go_gb_be1_kurs/web-link/internal/pkg/repository/postgres.go:753.2,753.12 1 1
github.com/pehks1980/go_gb_be1_kurs/web-link/internal/pkg/repository/postgres.go:625.103,640.17 5 1
github.com/pehks1980/go_gb_be1_kurs/web-link/internal/pkg/repository/postgres.go:644.3,644.83 1 1
github.com/pehks1980/go_gb_be1_kurs/web-link/internal/pkg/repository/postgres.go:742.3,742.17 1 1
github.com/pehks1980/go_gb_be1_kurs/web-link/internal/pkg/repository/postgres.go:746.3,746.13 1 1
github.com/pehks1980/go_gb_be1_kurs/web-link/internal/pkg/repository/postgres.go:640.17,642.4 1 0
github.com/pehks1980/go_gb_be1_kurs/web-link/internal/pkg/repository/postgres.go:644.83,650.19 3 1
github.com/pehks1980/go_gb_be1_kurs/web-link/internal/pkg/repository/postgres.go:653.4,656.20 3 1
github.com/pehks1980/go_gb_be1_kurs/web-link/internal/pkg/repository/postgres.go:662.4,662.40 1 1
github.com/pehks1980/go_gb_be1_kurs/web-link/internal/pkg/repository/postgres.go:668.4,672.19 3 1
github.com/pehks1980/go_gb_be1_kurs/web-link/internal/pkg/repository/postgres.go:675.4,676.19 2 1
github.com/pehks1980/go_gb_be1_kurs/web-link/internal/pkg/repository/postgres.go:680.4,686.19 3 1
github.com/pehks1980/go_gb_be1_kurs/web-link/internal/pkg/repository/postgres.go:691.4,695.19 3 1
github.com/pehks1980/go_gb_be1_kurs/web-link/internal/pkg/repository/postgres.go:698.4,700.20 2 1
github.com/pehks1980/go_gb_be1_kurs/web-link/internal/pkg/repository/postgres.go:706.4,711.20 2 1
github.com/pehks1980/go_gb_be1_kurs/web-link/internal/pkg/repository/postgres.go:719.4,720.19 2 1
github.com/pehks1980/go_gb_be1_kurs/web-link/internal/pkg/repository/postgres.go:723.4,725.20 2 1
github.com/pehks1980/go_gb_be1_kurs/web-link/internal/pkg/repository/postgres.go:731.4,731.20 1 1
github.com/pehks1980/go_gb_be1_kurs/web-link/internal/pkg/repository/postgres.go:739.4,739.18 1 1
github.com/pehks1980/go_gb_be1_kurs/web-link/internal/pkg/repository/postgres.go:650.19,652.5 1 0
github.com/pehks1980/go_gb_be1_kurs/web-link/internal/pkg/repository/postgres.go:656.20,660.5 3 1
github.com/pehks1980/go_gb_be1_kurs/web-link/internal/pkg/repository/postgres.go:662.40,665.5 2 0
github.com/pehks1980/go_gb_be1_kurs/web-link/internal/pkg/repository/postgres.go:672.19,674.5 1 0
github.com/pehks1980/go_gb_be1_kurs/web-link/internal/pkg/repository/postgres.go:676.19,678.5 1 0
github.com/pehks1980/go_gb_be1_kurs/web-link/internal/pkg/repository/postgres.go:686.19,688.5 1 0
github.com/pehks1980/go_gb_be1_kurs/web-link/internal/pkg/repository/postgres.go:695.19,697.5 1 0
github.com/pehks1980/go_gb_be1_kurs/web-link/internal/pkg/repository/postgres.go:700.20,704.5 3 1
github.com/pehks1980/go_gb_be1_kurs/web-link/internal/pkg/repository/postgres.go:711.20,714.20 2 0
github.com/pehks1980/go_gb_be1_kurs/web-link/internal/pkg/repository/postgres.go:714.20,716.6 1 0
github.com/pehks1980/go_gb_be1_kurs/web-link/internal/pkg/repository/postgres.go:720.19,722.5 1 0
github.com/pehks1980/go_gb_be1_kurs/web-link/internal/pkg/repository/postgres.go:725.20,729.5 3 1
github.com/pehks1980/go_gb_be1_kurs/web-link/internal/pkg/repository/postgres.go:731.20,734.20 2 0
github.com/pehks1980/go_gb_be1_kurs/web-link/internal/pkg/repository/postgres.go:734.20,736.6 1 0
github.com/pehks1980/go_gb_be1_kurs/web-link/internal/pkg/repository/postgres.go:742.17,744.4 1 0
github.com/pehks1980/go_gb_be1_kurs/web-link/internal/pkg/repository/postgres.go:750.16,752.3 1 0
github.com/pehks1980/go_gb_be1_kurs/web-link/internal/pkg/repository/postgres.go:757.49,759.82 1 1
github.com/pehks1980/go_gb_be1_kurs/web-link/internal/pkg/repository/postgres.go:800.2,801.16 2 1
github.com/pehks1980/go_gb_be1_kurs/web-link/internal/pkg/repository/postgres.go:806.2,807.37 2 1
github.com/pehks1980/go_gb_be1_kurs/web-link/internal/pkg/repository/postgres.go:825.2,825.21 1 1
github.com/pehks1980/go_gb_be1_kurs/web-link/internal/pkg/repository/postgres.go:759.82,766.17 3 1
github.com/pehks1980/go_gb_be1_kurs/web-link/internal/pkg/repository/postgres.go:769.3,773.19 3 1
github.com/pehks1980/go_gb_be1_kurs/web-link/internal/pkg/repository/postgres.go:793.3,793.24 1 1
github.com/pehks1980/go_gb_be1_kurs/web-link/internal/pkg/repository/postgres.go:797.3,797.24 1 1
github.com/pehks1980/go_gb_be1_kurs/web-link/internal/pkg/repository/postgres.go:766.17,768.4 1 0
github.com/pehks1980/go_gb_be1_kurs/web-link/internal/pkg/repository/postgres.go:773.19,786.18 3 1
github.com/pehks1980/go_gb_be1_kurs/web-link/internal/pkg/repository/postgres.go:790.4,790.43 1 1
github.com/pehks1980/go_gb_be1_kurs/web-link/internal/pkg/repository/postgres.go:786.18,788.5 1 0
github.com/pehks1980/go_gb_be1_kurs/web-link/internal/pkg/repository/postgres.go:793.24,795.4 1 0
github.com/pehks1980/go_gb_be1_kurs/web-link/internal/pkg/repository/postgres.go:801.16,803.3 1 0
github.com/pehks1980/go_gb_be1_kurs/web-link/internal/pkg/repository/postgres.go:807.37,810.24 2 1
github.com/pehks1980/go_gb_be1_kurs/web-link/internal/pkg/repository/postgres.go:814.3,822.49 2 1
github.com/pehks1980/go_gb_be1_kurs/web-link/internal/pkg/repository/postgres.go:810.24,812.4 1 1
